2019-04-01 12:48:42,394 [Worker-24] WARN  o.e.r.models.ModelRepository - Failed to download org.eclipse.recommenders:index::zip:0.0.0
org.eclipse.aether.resolution.ArtifactResolutionException: Could not transfer artifact org.eclipse.recommenders:index:zip:0.0.0-20160630.190154-1 from/to models (http://download.eclipse.org/recommenders/models/neon/): Checksum validation failed, expected 0bdde069d1dd1f92f4d679966e16a4d2cb4aa637 but is ff9cbbc28295fa223d8f9885a76878e61d753f5c
	at org.eclipse.aether.internal.impl.DefaultArtifactResolver.resolve(DefaultArtifactResolver.java:444) ~[na:na]
	at org.eclipse.aether.internal.impl.DefaultArtifactResolver.resolveArtifacts(DefaultArtifactResolver.java:246) ~[na:na]
	at org.eclipse.aether.internal.impl.DefaultArtifactResolver.resolveArtifact(DefaultArtifactResolver.java:223) ~[na:na]
	at org.eclipse.aether.internal.impl.DefaultRepositorySystem.resolveArtifact(DefaultRepositorySystem.java:294) ~[na:na]
	at org.eclipse.recommenders.models.ModelRepository.resolveInternal(ModelRepository.java:220) [org.eclipse.recommenders.models_2.4.0.v20160523-1445.jar:na]
	at org.eclipse.recommenders.models.ModelRepository.resolve(ModelRepository.java:199) [org.eclipse.recommenders.models_2.4.0.v20160523-1445.jar:na]
	at org.eclipse.recommenders.internal.models.rcp.EclipseModelRepository.resolve(EclipseModelRepository.java:165) [org.eclipse.recommenders.models.rcp_2.4.0.v20160601-0753.jar:na]
	at org.eclipse.recommenders.internal.models.rcp.DownloadModelArchiveJob.run(DownloadModelArchiveJob.java:76) [org.eclipse.recommenders.models.rcp_2.4.0.v20160601-0753.jar:na]
	at org.eclipse.core.internal.jobs.Worker.run(Worker.java:55) [org.eclipse.core.jobs_3.8.0.v20160509-0411.jar:na]
Caused by: org.eclipse.aether.transfer.ArtifactTransferException: Could not transfer artifact org.eclipse.recommenders:index:zip:0.0.0-20160630.190154-1 from/to models (http://download.eclipse.org/recommenders/models/neon/): Checksum validation failed, expected 0bdde069d1dd1f92f4d679966e16a4d2cb4aa637 but is ff9cbbc28295fa223d8f9885a76878e61d753f5c
	at org.eclipse.aether.connector.basic.ArtifactTransportListener.transferFailed(ArtifactTransportListener.java:43) ~[org.eclipse.aether.connector.basic_1.0.1.v20141111.jar:na]
	at org.eclipse.aether.connector.basic.BasicRepositoryConnector$TaskRunner.run(BasicRepositoryConnector.java:355) ~[org.eclipse.aether.connector.basic_1.0.1.v20141111.jar:na]
	at org.eclipse.aether.util.concurrency.RunnableErrorForwarder$1.run(RunnableErrorForwarder.java:67) ~[na:na]
	at org.eclipse.aether.connector.basic.BasicRepositoryConnector$DirectExecutor.execute(BasicRepositoryConnector.java:581) ~[org.eclipse.aether.connector.basic_1.0.1.v20141111.jar:na]
	at org.eclipse.aether.connector.basic.BasicRepositoryConnector.get(BasicRepositoryConnector.java:249) ~[org.eclipse.aether.connector.basic_1.0.1.v20141111.jar:na]
	at org.eclipse.aether.internal.impl.DefaultArtifactResolver.performDownloads(DefaultArtifactResolver.java:520) ~[na:na]
	at org.eclipse.aether.internal.impl.DefaultArtifactResolver.resolve(DefaultArtifactResolver.java:421) ~[na:na]
	... 8 common frames omitted
Caused by: org.eclipse.aether.transfer.ChecksumFailureException: Checksum validation failed, expected 0bdde069d1dd1f92f4d679966e16a4d2cb4aa637 but is ff9cbbc28295fa223d8f9885a76878e61d753f5c
	at org.eclipse.aether.connector.basic.ChecksumValidator.validateExternalChecksums(ChecksumValidator.java:165) ~[org.eclipse.aether.connector.basic_1.0.1.v20141111.jar:na]
	at org.eclipse.aether.connector.basic.ChecksumValidator.validate(ChecksumValidator.java:94) ~[org.eclipse.aether.connector.basic_1.0.1.v20141111.jar:na]
	at org.eclipse.aether.connector.basic.BasicRepositoryConnector$GetTaskRunner.runTask(BasicRepositoryConnector.java:450) ~[org.eclipse.aether.connector.basic_1.0.1.v20141111.jar:na]
	at org.eclipse.aether.connector.basic.BasicRepositoryConnector$TaskRunner.run(BasicRepositoryConnector.java:350) ~[org.eclipse.aether.connector.basic_1.0.1.v20141111.jar:na]
	... 13 common frames omitted
2019-04-02 11:52:52,570 [Worker-3] WARN  o.e.r.models.ModelRepository - Failed to download org.eclipse.recommenders:index::zip:0.0.0
org.eclipse.aether.resolution.ArtifactResolutionException: Could not transfer artifact org.eclipse.recommenders:index:zip:0.0.0-20160630.190154-1 from/to models (http://download.eclipse.org/recommenders/models/neon/): Checksum validation failed, expected 2bd5c5e783d8c344f1838cff8edae65e but is 76114534ff9522a52f1e65952c77c333
	at org.eclipse.aether.internal.impl.DefaultArtifactResolver.resolve(DefaultArtifactResolver.java:444) ~[na:na]
	at org.eclipse.aether.internal.impl.DefaultArtifactResolver.resolveArtifacts(DefaultArtifactResolver.java:246) ~[na:na]
	at org.eclipse.aether.internal.impl.DefaultArtifactResolver.resolveArtifact(DefaultArtifactResolver.java:223) ~[na:na]
	at org.eclipse.aether.internal.impl.DefaultRepositorySystem.resolveArtifact(DefaultRepositorySystem.java:294) ~[na:na]
	at org.eclipse.recommenders.models.ModelRepository.resolveInternal(ModelRepository.java:220) [org.eclipse.recommenders.models_2.4.0.v20160523-1445.jar:na]
	at org.eclipse.recommenders.models.ModelRepository.resolve(ModelRepository.java:199) [org.eclipse.recommenders.models_2.4.0.v20160523-1445.jar:na]
	at org.eclipse.recommenders.internal.models.rcp.EclipseModelRepository.resolve(EclipseModelRepository.java:165) [org.eclipse.recommenders.models.rcp_2.4.0.v20160601-0753.jar:na]
	at org.eclipse.recommenders.internal.models.rcp.DownloadModelArchiveJob.run(DownloadModelArchiveJob.java:76) [org.eclipse.recommenders.models.rcp_2.4.0.v20160601-0753.jar:na]
	at org.eclipse.core.internal.jobs.Worker.run(Worker.java:55) [org.eclipse.core.jobs_3.8.0.v20160509-0411.jar:na]
Caused by: org.eclipse.aether.transfer.ArtifactTransferException: Could not transfer artifact org.eclipse.recommenders:index:zip:0.0.0-20160630.190154-1 from/to models (http://download.eclipse.org/recommenders/models/neon/): Checksum validation failed, expected 2bd5c5e783d8c344f1838cff8edae65e but is 76114534ff9522a52f1e65952c77c333
	at org.eclipse.aether.connector.basic.ArtifactTransportListener.transferFailed(ArtifactTransportListener.java:43) ~[org.eclipse.aether.connector.basic_1.0.1.v20141111.jar:na]
	at org.eclipse.aether.connector.basic.BasicRepositoryConnector$TaskRunner.run(BasicRepositoryConnector.java:355) ~[org.eclipse.aether.connector.basic_1.0.1.v20141111.jar:na]
	at org.eclipse.aether.util.concurrency.RunnableErrorForwarder$1.run(RunnableErrorForwarder.java:67) ~[na:na]
	at org.eclipse.aether.connector.basic.BasicRepositoryConnector$DirectExecutor.execute(BasicRepositoryConnector.java:581) ~[org.eclipse.aether.connector.basic_1.0.1.v20141111.jar:na]
	at org.eclipse.aether.connector.basic.BasicRepositoryConnector.get(BasicRepositoryConnector.java:249) ~[org.eclipse.aether.connector.basic_1.0.1.v20141111.jar:na]
	at org.eclipse.aether.internal.impl.DefaultArtifactResolver.performDownloads(DefaultArtifactResolver.java:520) ~[na:na]
	at org.eclipse.aether.internal.impl.DefaultArtifactResolver.resolve(DefaultArtifactResolver.java:421) ~[na:na]
	... 8 common frames omitted
Caused by: org.eclipse.aether.transfer.ChecksumFailureException: Checksum validation failed, expected 2bd5c5e783d8c344f1838cff8edae65e but is 76114534ff9522a52f1e65952c77c333
	at org.eclipse.aether.connector.basic.ChecksumValidator.validateExternalChecksums(ChecksumValidator.java:165) ~[org.eclipse.aether.connector.basic_1.0.1.v20141111.jar:na]
	at org.eclipse.aether.connector.basic.ChecksumValidator.validate(ChecksumValidator.java:94) ~[org.eclipse.aether.connector.basic_1.0.1.v20141111.jar:na]
	at org.eclipse.aether.connector.basic.BasicRepositoryConnector$GetTaskRunner.runTask(BasicRepositoryConnector.java:450) ~[org.eclipse.aether.connector.basic_1.0.1.v20141111.jar:na]
	at org.eclipse.aether.connector.basic.BasicRepositoryConnector$TaskRunner.run(BasicRepositoryConnector.java:350) ~[org.eclipse.aether.connector.basic_1.0.1.v20141111.jar:na]
	... 13 common frames omitted
2019-04-03 15:31:11,830 [Worker-10] WARN  o.e.r.models.ModelRepository - Failed to download org.eclipse.recommenders:index::zip:0.0.0
org.eclipse.aether.resolution.ArtifactResolutionException: Could not transfer artifact org.eclipse.recommenders:index:zip:0.0.0-20160630.190154-1 from/to models (http://download.eclipse.org/recommenders/models/neon/): Checksum validation failed, expected 0bdde069d1dd1f92f4d679966e16a4d2cb4aa637 but is 73d0cf20f53e0e861d3607039522051ad313c250
	at org.eclipse.aether.internal.impl.DefaultArtifactResolver.resolve(DefaultArtifactResolver.java:444) ~[na:na]
	at org.eclipse.aether.internal.impl.DefaultArtifactResolver.resolveArtifacts(DefaultArtifactResolver.java:246) ~[na:na]
	at org.eclipse.aether.internal.impl.DefaultArtifactResolver.resolveArtifact(DefaultArtifactResolver.java:223) ~[na:na]
	at org.eclipse.aether.internal.impl.DefaultRepositorySystem.resolveArtifact(DefaultRepositorySystem.java:294) ~[na:na]
	at org.eclipse.recommenders.models.ModelRepository.resolveInternal(ModelRepository.java:220) [org.eclipse.recommenders.models_2.4.0.v20160523-1445.jar:na]
	at org.eclipse.recommenders.models.ModelRepository.resolve(ModelRepository.java:199) [org.eclipse.recommenders.models_2.4.0.v20160523-1445.jar:na]
	at org.eclipse.recommenders.internal.models.rcp.EclipseModelRepository.resolve(EclipseModelRepository.java:165) [org.eclipse.recommenders.models.rcp_2.4.0.v20160601-0753.jar:na]
	at org.eclipse.recommenders.internal.models.rcp.DownloadModelArchiveJob.run(DownloadModelArchiveJob.java:76) [org.eclipse.recommenders.models.rcp_2.4.0.v20160601-0753.jar:na]
	at org.eclipse.core.internal.jobs.Worker.run(Worker.java:55) [org.eclipse.core.jobs_3.8.0.v20160509-0411.jar:na]
Caused by: org.eclipse.aether.transfer.ArtifactTransferException: Could not transfer artifact org.eclipse.recommenders:index:zip:0.0.0-20160630.190154-1 from/to models (http://download.eclipse.org/recommenders/models/neon/): Checksum validation failed, expected 0bdde069d1dd1f92f4d679966e16a4d2cb4aa637 but is 73d0cf20f53e0e861d3607039522051ad313c250
	at org.eclipse.aether.connector.basic.ArtifactTransportListener.transferFailed(ArtifactTransportListener.java:43) ~[org.eclipse.aether.connector.basic_1.0.1.v20141111.jar:na]
	at org.eclipse.aether.connector.basic.BasicRepositoryConnector$TaskRunner.run(BasicRepositoryConnector.java:355) ~[org.eclipse.aether.connector.basic_1.0.1.v20141111.jar:na]
	at org.eclipse.aether.util.concurrency.RunnableErrorForwarder$1.run(RunnableErrorForwarder.java:67) ~[na:na]
	at org.eclipse.aether.connector.basic.BasicRepositoryConnector$DirectExecutor.execute(BasicRepositoryConnector.java:581) ~[org.eclipse.aether.connector.basic_1.0.1.v20141111.jar:na]
	at org.eclipse.aether.connector.basic.BasicRepositoryConnector.get(BasicRepositoryConnector.java:249) ~[org.eclipse.aether.connector.basic_1.0.1.v20141111.jar:na]
	at org.eclipse.aether.internal.impl.DefaultArtifactResolver.performDownloads(DefaultArtifactResolver.java:520) ~[na:na]
	at org.eclipse.aether.internal.impl.DefaultArtifactResolver.resolve(DefaultArtifactResolver.java:421) ~[na:na]
	... 8 common frames omitted
Caused by: org.eclipse.aether.transfer.ChecksumFailureException: Checksum validation failed, expected 0bdde069d1dd1f92f4d679966e16a4d2cb4aa637 but is 73d0cf20f53e0e861d3607039522051ad313c250
	at org.eclipse.aether.connector.basic.ChecksumValidator.validateExternalChecksums(ChecksumValidator.java:165) ~[org.eclipse.aether.connector.basic_1.0.1.v20141111.jar:na]
	at org.eclipse.aether.connector.basic.ChecksumValidator.validate(ChecksumValidator.java:94) ~[org.eclipse.aether.connector.basic_1.0.1.v20141111.jar:na]
	at org.eclipse.aether.connector.basic.BasicRepositoryConnector$GetTaskRunner.runTask(BasicRepositoryConnector.java:450) ~[org.eclipse.aether.connector.basic_1.0.1.v20141111.jar:na]
	at org.eclipse.aether.connector.basic.BasicRepositoryConnector$TaskRunner.run(BasicRepositoryConnector.java:350) ~[org.eclipse.aether.connector.basic_1.0.1.v20141111.jar:na]
	... 13 common frames omitted
2019-04-05 10:23:51,895 [Worker-18] WARN  o.e.r.models.ModelRepository - Failed to download org.eclipse.recommenders:index::zip:0.0.0
org.eclipse.aether.resolution.ArtifactResolutionException: Could not transfer artifact org.eclipse.recommenders:index:zip:0.0.0-20160630.190154-1 from/to models (http://download.eclipse.org/recommenders/models/neon/): Checksum validation failed, expected 0bdde069d1dd1f92f4d679966e16a4d2cb4aa637 but is 74000f5a00399ecda99faca6122496375200c8b4
	at org.eclipse.aether.internal.impl.DefaultArtifactResolver.resolve(DefaultArtifactResolver.java:444) ~[na:na]
	at org.eclipse.aether.internal.impl.DefaultArtifactResolver.resolveArtifacts(DefaultArtifactResolver.java:246) ~[na:na]
	at org.eclipse.aether.internal.impl.DefaultArtifactResolver.resolveArtifact(DefaultArtifactResolver.java:223) ~[na:na]
	at org.eclipse.aether.internal.impl.DefaultRepositorySystem.resolveArtifact(DefaultRepositorySystem.java:294) ~[na:na]
	at org.eclipse.recommenders.models.ModelRepository.resolveInternal(ModelRepository.java:220) [org.eclipse.recommenders.models_2.4.0.v20160523-1445.jar:na]
	at org.eclipse.recommenders.models.ModelRepository.resolve(ModelRepository.java:199) [org.eclipse.recommenders.models_2.4.0.v20160523-1445.jar:na]
	at org.eclipse.recommenders.internal.models.rcp.EclipseModelRepository.resolve(EclipseModelRepository.java:165) [org.eclipse.recommenders.models.rcp_2.4.0.v20160601-0753.jar:na]
	at org.eclipse.recommenders.internal.models.rcp.DownloadModelArchiveJob.run(DownloadModelArchiveJob.java:76) [org.eclipse.recommenders.models.rcp_2.4.0.v20160601-0753.jar:na]
	at org.eclipse.core.internal.jobs.Worker.run(Worker.java:55) [org.eclipse.core.jobs_3.8.0.v20160509-0411.jar:na]
Caused by: org.eclipse.aether.transfer.ArtifactTransferException: Could not transfer artifact org.eclipse.recommenders:index:zip:0.0.0-20160630.190154-1 from/to models (http://download.eclipse.org/recommenders/models/neon/): Checksum validation failed, expected 0bdde069d1dd1f92f4d679966e16a4d2cb4aa637 but is 74000f5a00399ecda99faca6122496375200c8b4
	at org.eclipse.aether.connector.basic.ArtifactTransportListener.transferFailed(ArtifactTransportListener.java:43) ~[org.eclipse.aether.connector.basic_1.0.1.v20141111.jar:na]
	at org.eclipse.aether.connector.basic.BasicRepositoryConnector$TaskRunner.run(BasicRepositoryConnector.java:355) ~[org.eclipse.aether.connector.basic_1.0.1.v20141111.jar:na]
	at org.eclipse.aether.util.concurrency.RunnableErrorForwarder$1.run(RunnableErrorForwarder.java:67) ~[na:na]
	at org.eclipse.aether.connector.basic.BasicRepositoryConnector$DirectExecutor.execute(BasicRepositoryConnector.java:581) ~[org.eclipse.aether.connector.basic_1.0.1.v20141111.jar:na]
	at org.eclipse.aether.connector.basic.BasicRepositoryConnector.get(BasicRepositoryConnector.java:249) ~[org.eclipse.aether.connector.basic_1.0.1.v20141111.jar:na]
	at org.eclipse.aether.internal.impl.DefaultArtifactResolver.performDownloads(DefaultArtifactResolver.java:520) ~[na:na]
	at org.eclipse.aether.internal.impl.DefaultArtifactResolver.resolve(DefaultArtifactResolver.java:421) ~[na:na]
	... 8 common frames omitted
Caused by: org.eclipse.aether.transfer.ChecksumFailureException: Checksum validation failed, expected 0bdde069d1dd1f92f4d679966e16a4d2cb4aa637 but is 74000f5a00399ecda99faca6122496375200c8b4
	at org.eclipse.aether.connector.basic.ChecksumValidator.validateExternalChecksums(ChecksumValidator.java:165) ~[org.eclipse.aether.connector.basic_1.0.1.v20141111.jar:na]
	at org.eclipse.aether.connector.basic.ChecksumValidator.validate(ChecksumValidator.java:94) ~[org.eclipse.aether.connector.basic_1.0.1.v20141111.jar:na]
	at org.eclipse.aether.connector.basic.BasicRepositoryConnector$GetTaskRunner.runTask(BasicRepositoryConnector.java:450) ~[org.eclipse.aether.connector.basic_1.0.1.v20141111.jar:na]
	at org.eclipse.aether.connector.basic.BasicRepositoryConnector$TaskRunner.run(BasicRepositoryConnector.java:350) ~[org.eclipse.aether.connector.basic_1.0.1.v20141111.jar:na]
	... 13 common frames omitted
2019-04-05 11:36:53,872 [Worker-20] WARN  o.e.r.models.ModelRepository - Failed to download org.eclipse.recommenders:index::zip:0.0.0
org.eclipse.aether.resolution.ArtifactResolutionException: Could not transfer artifact org.eclipse.recommenders:index:zip:0.0.0-20160630.190154-1 from/to models (http://download.eclipse.org/recommenders/models/neon/): Checksum validation failed, expected 0bdde069d1dd1f92f4d679966e16a4d2cb4aa637 but is f1f187c0ed8317ff156cf8d2b4b7472bed1c15be
	at org.eclipse.aether.internal.impl.DefaultArtifactResolver.resolve(DefaultArtifactResolver.java:444) ~[na:na]
	at org.eclipse.aether.internal.impl.DefaultArtifactResolver.resolveArtifacts(DefaultArtifactResolver.java:246) ~[na:na]
	at org.eclipse.aether.internal.impl.DefaultArtifactResolver.resolveArtifact(DefaultArtifactResolver.java:223) ~[na:na]
	at org.eclipse.aether.internal.impl.DefaultRepositorySystem.resolveArtifact(DefaultRepositorySystem.java:294) ~[na:na]
	at org.eclipse.recommenders.models.ModelRepository.resolveInternal(ModelRepository.java:220) [org.eclipse.recommenders.models_2.4.0.v20160523-1445.jar:na]
	at org.eclipse.recommenders.models.ModelRepository.resolve(ModelRepository.java:199) [org.eclipse.recommenders.models_2.4.0.v20160523-1445.jar:na]
	at org.eclipse.recommenders.internal.models.rcp.EclipseModelRepository.resolve(EclipseModelRepository.java:165) [org.eclipse.recommenders.models.rcp_2.4.0.v20160601-0753.jar:na]
	at org.eclipse.recommenders.internal.models.rcp.DownloadModelArchiveJob.run(DownloadModelArchiveJob.java:76) [org.eclipse.recommenders.models.rcp_2.4.0.v20160601-0753.jar:na]
	at org.eclipse.core.internal.jobs.Worker.run(Worker.java:55) [org.eclipse.core.jobs_3.8.0.v20160509-0411.jar:na]
Caused by: org.eclipse.aether.transfer.ArtifactTransferException: Could not transfer artifact org.eclipse.recommenders:index:zip:0.0.0-20160630.190154-1 from/to models (http://download.eclipse.org/recommenders/models/neon/): Checksum validation failed, expected 0bdde069d1dd1f92f4d679966e16a4d2cb4aa637 but is f1f187c0ed8317ff156cf8d2b4b7472bed1c15be
	at org.eclipse.aether.connector.basic.ArtifactTransportListener.transferFailed(ArtifactTransportListener.java:43) ~[org.eclipse.aether.connector.basic_1.0.1.v20141111.jar:na]
	at org.eclipse.aether.connector.basic.BasicRepositoryConnector$TaskRunner.run(BasicRepositoryConnector.java:355) ~[org.eclipse.aether.connector.basic_1.0.1.v20141111.jar:na]
	at org.eclipse.aether.util.concurrency.RunnableErrorForwarder$1.run(RunnableErrorForwarder.java:67) ~[na:na]
	at org.eclipse.aether.connector.basic.BasicRepositoryConnector$DirectExecutor.execute(BasicRepositoryConnector.java:581) ~[org.eclipse.aether.connector.basic_1.0.1.v20141111.jar:na]
	at org.eclipse.aether.connector.basic.BasicRepositoryConnector.get(BasicRepositoryConnector.java:249) ~[org.eclipse.aether.connector.basic_1.0.1.v20141111.jar:na]
	at org.eclipse.aether.internal.impl.DefaultArtifactResolver.performDownloads(DefaultArtifactResolver.java:520) ~[na:na]
	at org.eclipse.aether.internal.impl.DefaultArtifactResolver.resolve(DefaultArtifactResolver.java:421) ~[na:na]
	... 8 common frames omitted
Caused by: org.eclipse.aether.transfer.ChecksumFailureException: Checksum validation failed, expected 0bdde069d1dd1f92f4d679966e16a4d2cb4aa637 but is f1f187c0ed8317ff156cf8d2b4b7472bed1c15be
	at org.eclipse.aether.connector.basic.ChecksumValidator.validateExternalChecksums(ChecksumValidator.java:165) ~[org.eclipse.aether.connector.basic_1.0.1.v20141111.jar:na]
	at org.eclipse.aether.connector.basic.ChecksumValidator.validate(ChecksumValidator.java:94) ~[org.eclipse.aether.connector.basic_1.0.1.v20141111.jar:na]
	at org.eclipse.aether.connector.basic.BasicRepositoryConnector$GetTaskRunner.runTask(BasicRepositoryConnector.java:450) ~[org.eclipse.aether.connector.basic_1.0.1.v20141111.jar:na]
	at org.eclipse.aether.connector.basic.BasicRepositoryConnector$TaskRunner.run(BasicRepositoryConnector.java:350) ~[org.eclipse.aether.connector.basic_1.0.1.v20141111.jar:na]
	... 13 common frames omitted
2019-04-10 15:02:50,710 [Worker-22] WARN  o.e.r.models.ModelRepository - Failed to download org.eclipse.recommenders:index::zip:0.0.0
org.eclipse.aether.resolution.ArtifactResolutionException: Could not transfer artifact org.eclipse.recommenders:index:zip:0.0.0-20160630.190154-1 from/to models (http://download.eclipse.org/recommenders/models/neon/): Checksum validation failed, expected 0bdde069d1dd1f92f4d679966e16a4d2cb4aa637 but is 86d5c6e352acdabb95176f6080bb2903fa4d9932
	at org.eclipse.aether.internal.impl.DefaultArtifactResolver.resolve(DefaultArtifactResolver.java:444) ~[na:na]
	at org.eclipse.aether.internal.impl.DefaultArtifactResolver.resolveArtifacts(DefaultArtifactResolver.java:246) ~[na:na]
	at org.eclipse.aether.internal.impl.DefaultArtifactResolver.resolveArtifact(DefaultArtifactResolver.java:223) ~[na:na]
	at org.eclipse.aether.internal.impl.DefaultRepositorySystem.resolveArtifact(DefaultRepositorySystem.java:294) ~[na:na]
	at org.eclipse.recommenders.models.ModelRepository.resolveInternal(ModelRepository.java:220) [org.eclipse.recommenders.models_2.4.0.v20160523-1445.jar:na]
	at org.eclipse.recommenders.models.ModelRepository.resolve(ModelRepository.java:199) [org.eclipse.recommenders.models_2.4.0.v20160523-1445.jar:na]
	at org.eclipse.recommenders.internal.models.rcp.EclipseModelRepository.resolve(EclipseModelRepository.java:165) [org.eclipse.recommenders.models.rcp_2.4.0.v20160601-0753.jar:na]
	at org.eclipse.recommenders.internal.models.rcp.DownloadModelArchiveJob.run(DownloadModelArchiveJob.java:76) [org.eclipse.recommenders.models.rcp_2.4.0.v20160601-0753.jar:na]
	at org.eclipse.core.internal.jobs.Worker.run(Worker.java:55) [org.eclipse.core.jobs_3.8.0.v20160509-0411.jar:na]
Caused by: org.eclipse.aether.transfer.ArtifactTransferException: Could not transfer artifact org.eclipse.recommenders:index:zip:0.0.0-20160630.190154-1 from/to models (http://download.eclipse.org/recommenders/models/neon/): Checksum validation failed, expected 0bdde069d1dd1f92f4d679966e16a4d2cb4aa637 but is 86d5c6e352acdabb95176f6080bb2903fa4d9932
	at org.eclipse.aether.connector.basic.ArtifactTransportListener.transferFailed(ArtifactTransportListener.java:43) ~[org.eclipse.aether.connector.basic_1.0.1.v20141111.jar:na]
	at org.eclipse.aether.connector.basic.BasicRepositoryConnector$TaskRunner.run(BasicRepositoryConnector.java:355) ~[org.eclipse.aether.connector.basic_1.0.1.v20141111.jar:na]
	at org.eclipse.aether.util.concurrency.RunnableErrorForwarder$1.run(RunnableErrorForwarder.java:67) ~[na:na]
	at org.eclipse.aether.connector.basic.BasicRepositoryConnector$DirectExecutor.execute(BasicRepositoryConnector.java:581) ~[org.eclipse.aether.connector.basic_1.0.1.v20141111.jar:na]
	at org.eclipse.aether.connector.basic.BasicRepositoryConnector.get(BasicRepositoryConnector.java:249) ~[org.eclipse.aether.connector.basic_1.0.1.v20141111.jar:na]
	at org.eclipse.aether.internal.impl.DefaultArtifactResolver.performDownloads(DefaultArtifactResolver.java:520) ~[na:na]
	at org.eclipse.aether.internal.impl.DefaultArtifactResolver.resolve(DefaultArtifactResolver.java:421) ~[na:na]
	... 8 common frames omitted
Caused by: org.eclipse.aether.transfer.ChecksumFailureException: Checksum validation failed, expected 0bdde069d1dd1f92f4d679966e16a4d2cb4aa637 but is 86d5c6e352acdabb95176f6080bb2903fa4d9932
	at org.eclipse.aether.connector.basic.ChecksumValidator.validateExternalChecksums(ChecksumValidator.java:165) ~[org.eclipse.aether.connector.basic_1.0.1.v20141111.jar:na]
	at org.eclipse.aether.connector.basic.ChecksumValidator.validate(ChecksumValidator.java:94) ~[org.eclipse.aether.connector.basic_1.0.1.v20141111.jar:na]
	at org.eclipse.aether.connector.basic.BasicRepositoryConnector$GetTaskRunner.runTask(BasicRepositoryConnector.java:450) ~[org.eclipse.aether.connector.basic_1.0.1.v20141111.jar:na]
	at org.eclipse.aether.connector.basic.BasicRepositoryConnector$TaskRunner.run(BasicRepositoryConnector.java:350) ~[org.eclipse.aether.connector.basic_1.0.1.v20141111.jar:na]
	... 13 common frames omitted
2019-04-17 13:42:57,672 [Worker-11] WARN  o.e.r.models.ModelRepository - Failed to download org.eclipse.recommenders:index::zip:0.0.0
org.eclipse.aether.resolution.ArtifactResolutionException: Could not transfer artifact org.eclipse.recommenders:index:zip:0.0.0-20160630.190154-1 from/to models (http://download.eclipse.org/recommenders/models/neon/): Checksum validation failed, expected 0bdde069d1dd1f92f4d679966e16a4d2cb4aa637 but is 308201f605e7fa5f5f4af963d6a221ce08aa93b8
	at org.eclipse.aether.internal.impl.DefaultArtifactResolver.resolve(DefaultArtifactResolver.java:444) ~[na:na]
	at org.eclipse.aether.internal.impl.DefaultArtifactResolver.resolveArtifacts(DefaultArtifactResolver.java:246) ~[na:na]
	at org.eclipse.aether.internal.impl.DefaultArtifactResolver.resolveArtifact(DefaultArtifactResolver.java:223) ~[na:na]
	at org.eclipse.aether.internal.impl.DefaultRepositorySystem.resolveArtifact(DefaultRepositorySystem.java:294) ~[na:na]
	at org.eclipse.recommenders.models.ModelRepository.resolveInternal(ModelRepository.java:220) [org.eclipse.recommenders.models_2.4.0.v20160523-1445.jar:na]
	at org.eclipse.recommenders.models.ModelRepository.resolve(ModelRepository.java:199) [org.eclipse.recommenders.models_2.4.0.v20160523-1445.jar:na]
	at org.eclipse.recommenders.internal.models.rcp.EclipseModelRepository.resolve(EclipseModelRepository.java:165) [org.eclipse.recommenders.models.rcp_2.4.0.v20160601-0753.jar:na]
	at org.eclipse.recommenders.internal.models.rcp.DownloadModelArchiveJob.run(DownloadModelArchiveJob.java:76) [org.eclipse.recommenders.models.rcp_2.4.0.v20160601-0753.jar:na]
	at org.eclipse.core.internal.jobs.Worker.run(Worker.java:55) [org.eclipse.core.jobs_3.8.0.v20160509-0411.jar:na]
Caused by: org.eclipse.aether.transfer.ArtifactTransferException: Could not transfer artifact org.eclipse.recommenders:index:zip:0.0.0-20160630.190154-1 from/to models (http://download.eclipse.org/recommenders/models/neon/): Checksum validation failed, expected 0bdde069d1dd1f92f4d679966e16a4d2cb4aa637 but is 308201f605e7fa5f5f4af963d6a221ce08aa93b8
	at org.eclipse.aether.connector.basic.ArtifactTransportListener.transferFailed(ArtifactTransportListener.java:43) ~[org.eclipse.aether.connector.basic_1.0.1.v20141111.jar:na]
	at org.eclipse.aether.connector.basic.BasicRepositoryConnector$TaskRunner.run(BasicRepositoryConnector.java:355) ~[org.eclipse.aether.connector.basic_1.0.1.v20141111.jar:na]
	at org.eclipse.aether.util.concurrency.RunnableErrorForwarder$1.run(RunnableErrorForwarder.java:67) ~[na:na]
	at org.eclipse.aether.connector.basic.BasicRepositoryConnector$DirectExecutor.execute(BasicRepositoryConnector.java:581) ~[org.eclipse.aether.connector.basic_1.0.1.v20141111.jar:na]
	at org.eclipse.aether.connector.basic.BasicRepositoryConnector.get(BasicRepositoryConnector.java:249) ~[org.eclipse.aether.connector.basic_1.0.1.v20141111.jar:na]
	at org.eclipse.aether.internal.impl.DefaultArtifactResolver.performDownloads(DefaultArtifactResolver.java:520) ~[na:na]
	at org.eclipse.aether.internal.impl.DefaultArtifactResolver.resolve(DefaultArtifactResolver.java:421) ~[na:na]
	... 8 common frames omitted
Caused by: org.eclipse.aether.transfer.ChecksumFailureException: Checksum validation failed, expected 0bdde069d1dd1f92f4d679966e16a4d2cb4aa637 but is 308201f605e7fa5f5f4af963d6a221ce08aa93b8
	at org.eclipse.aether.connector.basic.ChecksumValidator.validateExternalChecksums(ChecksumValidator.java:165) ~[org.eclipse.aether.connector.basic_1.0.1.v20141111.jar:na]
	at org.eclipse.aether.connector.basic.ChecksumValidator.validate(ChecksumValidator.java:94) ~[org.eclipse.aether.connector.basic_1.0.1.v20141111.jar:na]
	at org.eclipse.aether.connector.basic.BasicRepositoryConnector$GetTaskRunner.runTask(BasicRepositoryConnector.java:450) ~[org.eclipse.aether.connector.basic_1.0.1.v20141111.jar:na]
	at org.eclipse.aether.connector.basic.BasicRepositoryConnector$TaskRunner.run(BasicRepositoryConnector.java:350) ~[org.eclipse.aether.connector.basic_1.0.1.v20141111.jar:na]
	... 13 common frames omitted
2019-04-24 12:26:46,894 [Worker-14] WARN  o.e.r.models.ModelRepository - Failed to download org.eclipse.recommenders:index::zip:0.0.0
org.eclipse.aether.resolution.ArtifactResolutionException: Could not transfer artifact org.eclipse.recommenders:index:zip:0.0.0-20160630.190154-1 from/to models (http://download.eclipse.org/recommenders/models/neon/): Checksum validation failed, expected 0bdde069d1dd1f92f4d679966e16a4d2cb4aa637 but is 4ca91015820e8c9f964174ae024af6a12a4fcc48
	at org.eclipse.aether.internal.impl.DefaultArtifactResolver.resolve(DefaultArtifactResolver.java:444) ~[na:na]
	at org.eclipse.aether.internal.impl.DefaultArtifactResolver.resolveArtifacts(DefaultArtifactResolver.java:246) ~[na:na]
	at org.eclipse.aether.internal.impl.DefaultArtifactResolver.resolveArtifact(DefaultArtifactResolver.java:223) ~[na:na]
	at org.eclipse.aether.internal.impl.DefaultRepositorySystem.resolveArtifact(DefaultRepositorySystem.java:294) ~[na:na]
	at org.eclipse.recommenders.models.ModelRepository.resolveInternal(ModelRepository.java:220) [org.eclipse.recommenders.models_2.4.0.v20160523-1445.jar:na]
	at org.eclipse.recommenders.models.ModelRepository.resolve(ModelRepository.java:199) [org.eclipse.recommenders.models_2.4.0.v20160523-1445.jar:na]
	at org.eclipse.recommenders.internal.models.rcp.EclipseModelRepository.resolve(EclipseModelRepository.java:165) [org.eclipse.recommenders.models.rcp_2.4.0.v20160601-0753.jar:na]
	at org.eclipse.recommenders.internal.models.rcp.DownloadModelArchiveJob.run(DownloadModelArchiveJob.java:76) [org.eclipse.recommenders.models.rcp_2.4.0.v20160601-0753.jar:na]
	at org.eclipse.core.internal.jobs.Worker.run(Worker.java:55) [org.eclipse.core.jobs_3.8.0.v20160509-0411.jar:na]
Caused by: org.eclipse.aether.transfer.ArtifactTransferException: Could not transfer artifact org.eclipse.recommenders:index:zip:0.0.0-20160630.190154-1 from/to models (http://download.eclipse.org/recommenders/models/neon/): Checksum validation failed, expected 0bdde069d1dd1f92f4d679966e16a4d2cb4aa637 but is 4ca91015820e8c9f964174ae024af6a12a4fcc48
	at org.eclipse.aether.connector.basic.ArtifactTransportListener.transferFailed(ArtifactTransportListener.java:43) ~[org.eclipse.aether.connector.basic_1.0.1.v20141111.jar:na]
	at org.eclipse.aether.connector.basic.BasicRepositoryConnector$TaskRunner.run(BasicRepositoryConnector.java:355) ~[org.eclipse.aether.connector.basic_1.0.1.v20141111.jar:na]
	at org.eclipse.aether.util.concurrency.RunnableErrorForwarder$1.run(RunnableErrorForwarder.java:67) ~[na:na]
	at org.eclipse.aether.connector.basic.BasicRepositoryConnector$DirectExecutor.execute(BasicRepositoryConnector.java:581) ~[org.eclipse.aether.connector.basic_1.0.1.v20141111.jar:na]
	at org.eclipse.aether.connector.basic.BasicRepositoryConnector.get(BasicRepositoryConnector.java:249) ~[org.eclipse.aether.connector.basic_1.0.1.v20141111.jar:na]
	at org.eclipse.aether.internal.impl.DefaultArtifactResolver.performDownloads(DefaultArtifactResolver.java:520) ~[na:na]
	at org.eclipse.aether.internal.impl.DefaultArtifactResolver.resolve(DefaultArtifactResolver.java:421) ~[na:na]
	... 8 common frames omitted
Caused by: org.eclipse.aether.transfer.ChecksumFailureException: Checksum validation failed, expected 0bdde069d1dd1f92f4d679966e16a4d2cb4aa637 but is 4ca91015820e8c9f964174ae024af6a12a4fcc48
	at org.eclipse.aether.connector.basic.ChecksumValidator.validateExternalChecksums(ChecksumValidator.java:165) ~[org.eclipse.aether.connector.basic_1.0.1.v20141111.jar:na]
	at org.eclipse.aether.connector.basic.ChecksumValidator.validate(ChecksumValidator.java:94) ~[org.eclipse.aether.connector.basic_1.0.1.v20141111.jar:na]
	at org.eclipse.aether.connector.basic.BasicRepositoryConnector$GetTaskRunner.runTask(BasicRepositoryConnector.java:450) ~[org.eclipse.aether.connector.basic_1.0.1.v20141111.jar:na]
	at org.eclipse.aether.connector.basic.BasicRepositoryConnector$TaskRunner.run(BasicRepositoryConnector.java:350) ~[org.eclipse.aether.connector.basic_1.0.1.v20141111.jar:na]
	... 13 common frames omitted
2019-04-25 16:09:27,418 [Worker-641] INFO  o.e.m.c.i.l.LifecycleMappingFactory - Using org.eclipse.m2e.jdt.JarLifecycleMapping lifecycle mapping for MavenProject: com.externalserver:externalserver:0.0.1-SNAPSHOT @ D:\SpringBootExternalServer\externalserver\pom.xml.
2019-04-25 16:09:31,731 [Worker-641] INFO  o.e.m.j.i.AbstractJavaProjectConfigurator - Adding source folder /externalserver/src/main/java
2019-04-25 16:09:31,731 [Worker-641] INFO  o.e.m.j.i.AbstractJavaProjectConfigurator - Adding resource folder /externalserver/src/main/resources
2019-04-25 16:09:31,782 [Worker-641] INFO  o.e.m.j.i.AbstractJavaProjectConfigurator - Adding resource folder /externalserver/src/main/resources
2019-04-25 16:09:31,812 [Worker-641] INFO  o.e.m.j.i.AbstractJavaProjectConfigurator - Adding source folder /externalserver/src/test/java
2019-04-25 16:09:33,014 [Worker-641] INFO  o.e.m.c.i.p.ProjectConfigurationManager - Imported and configured 1 project(s) in 9 sec
2019-04-25 16:09:36,350 [Worker-641] INFO  o.e.m.c.i.embedder.EclipseLogger - Using 'UTF-8' encoding to copy filtered resources.
2019-04-25 16:09:36,355 [Worker-641] INFO  o.e.m.c.i.embedder.EclipseLogger - Copying 1 resource
2019-04-25 16:09:36,373 [Worker-641] INFO  o.e.m.c.i.embedder.EclipseLogger - Copying 0 resource
2019-04-25 16:09:36,376 [Worker-641] INFO  o.e.m.c.i.embedder.EclipseLogger - Using 'UTF-8' encoding to copy filtered resources.
2019-04-25 16:09:36,376 [Worker-641] INFO  o.e.m.c.i.embedder.EclipseLogger - skip non existing resourceDirectory D:\SpringBootExternalServer\externalserver\src\test\resources
2019-04-25 16:10:59,038 [Worker-643] INFO  o.e.m.c.i.embedder.EclipseLogger - Using 'UTF-8' encoding to copy filtered resources.
2019-04-25 16:10:59,042 [Worker-643] INFO  o.e.m.c.i.embedder.EclipseLogger - Copying 1 resource
2019-04-25 16:10:59,045 [Worker-643] INFO  o.e.m.c.i.embedder.EclipseLogger - Copying 0 resource
2019-04-25 16:10:59,047 [Worker-643] INFO  o.e.m.c.i.embedder.EclipseLogger - Using 'UTF-8' encoding to copy filtered resources.
2019-04-25 16:10:59,047 [Worker-643] INFO  o.e.m.c.i.embedder.EclipseLogger - skip non existing resourceDirectory D:\SpringBootExternalServer\externalserver\src\test\resources
2019-04-25 16:12:02,833 [Worker-641] INFO  o.e.m.c.i.embedder.EclipseLogger - Using 'UTF-8' encoding to copy filtered resources.
2019-04-25 16:12:02,834 [Worker-641] INFO  o.e.m.c.i.embedder.EclipseLogger - Copying 1 resource
2019-04-25 16:12:02,837 [Worker-641] INFO  o.e.m.c.i.embedder.EclipseLogger - Copying 0 resource
2019-04-25 16:12:02,839 [Worker-641] INFO  o.e.m.c.i.embedder.EclipseLogger - Using 'UTF-8' encoding to copy filtered resources.
2019-04-25 16:12:02,839 [Worker-641] INFO  o.e.m.c.i.embedder.EclipseLogger - skip non existing resourceDirectory D:\SpringBootExternalServer\externalserver\src\test\resources
2019-04-25 16:13:05,945 [Worker-641] INFO  o.e.m.c.i.e.AbstractTransferListenerAdapter - Downloaded https://repo.maven.apache.org/maven2/org/springframework/boot/spring-boot/2.1.4.RELEASE/spring-boot-2.1.4.RELEASE-sources.jar
2019-04-25 16:13:05,953 [Worker-641] ERROR o.e.m.j.internal.DownloadSourcesJob - Could not download sources for org.springframework.boot:spring-boot:2.1.4.RELEASE
org.eclipse.core.runtime.CoreException: Could not resolve artifact org.springframework.boot:spring-boot:jar:sources:2.1.4.RELEASE
	at org.eclipse.m2e.core.internal.embedder.MavenImpl$5.call(MavenImpl.java:776) ~[org.eclipse.m2e.core_1.7.0.20160531-2022.jar:na]
	at org.eclipse.m2e.core.internal.embedder.MavenImpl$5.call(MavenImpl.java:1) ~[org.eclipse.m2e.core_1.7.0.20160531-2022.jar:na]
	at org.eclipse.m2e.core.internal.embedder.MavenExecutionContext.executeBare(MavenExecutionContext.java:176) [org.eclipse.m2e.core_1.7.0.20160531-2022.jar:na]
	at org.eclipse.m2e.core.internal.embedder.MavenExecutionContext.execute(MavenExecutionContext.java:112) [org.eclipse.m2e.core_1.7.0.20160531-2022.jar:na]
	at org.eclipse.m2e.core.internal.embedder.MavenExecutionContext.execute(MavenExecutionContext.java:99) [org.eclipse.m2e.core_1.7.0.20160531-2022.jar:na]
	at org.eclipse.m2e.core.internal.embedder.MavenImpl.resolve(MavenImpl.java:743) [org.eclipse.m2e.core_1.7.0.20160531-2022.jar:na]
	at org.eclipse.m2e.core.internal.embedder.MavenImpl.resolve(MavenImpl.java:720) [org.eclipse.m2e.core_1.7.0.20160531-2022.jar:na]
	at org.eclipse.m2e.jdt.internal.DownloadSourcesJob.download(DownloadSourcesJob.java:249) [org.eclipse.m2e.jdt_1.7.0.20160531-2022.jar:na]
	at org.eclipse.m2e.jdt.internal.DownloadSourcesJob.downloadAttachments(DownloadSourcesJob.java:228) [org.eclipse.m2e.jdt_1.7.0.20160531-2022.jar:na]
	at org.eclipse.m2e.jdt.internal.DownloadSourcesJob.downloadMaven(DownloadSourcesJob.java:202) [org.eclipse.m2e.jdt_1.7.0.20160531-2022.jar:na]
	at org.eclipse.m2e.jdt.internal.DownloadSourcesJob.run(DownloadSourcesJob.java:153) [org.eclipse.m2e.jdt_1.7.0.20160531-2022.jar:na]
	at org.eclipse.m2e.jdt.internal.DownloadSourcesJob$1.call(DownloadSourcesJob.java:136) [org.eclipse.m2e.jdt_1.7.0.20160531-2022.jar:na]
	at org.eclipse.m2e.jdt.internal.DownloadSourcesJob$1.call(DownloadSourcesJob.java:1) [org.eclipse.m2e.jdt_1.7.0.20160531-2022.jar:na]
	at org.eclipse.m2e.core.internal.embedder.MavenExecutionContext.executeBare(MavenExecutionContext.java:176) [org.eclipse.m2e.core_1.7.0.20160531-2022.jar:na]
	at org.eclipse.m2e.core.internal.embedder.MavenExecutionContext.execute(MavenExecutionContext.java:151) [org.eclipse.m2e.core_1.7.0.20160531-2022.jar:na]
	at org.eclipse.m2e.core.internal.embedder.MavenExecutionContext.execute(MavenExecutionContext.java:99) [org.eclipse.m2e.core_1.7.0.20160531-2022.jar:na]
	at org.eclipse.m2e.core.internal.embedder.MavenImpl.execute(MavenImpl.java:1355) [org.eclipse.m2e.core_1.7.0.20160531-2022.jar:na]
	at org.eclipse.m2e.jdt.internal.DownloadSourcesJob.run(DownloadSourcesJob.java:134) [org.eclipse.m2e.jdt_1.7.0.20160531-2022.jar:na]
	at org.eclipse.core.internal.jobs.Worker.run(Worker.java:55) [org.eclipse.core.jobs_3.8.0.v20160509-0411.jar:na]
2019-04-25 16:13:07,049 [Worker-648] INFO  o.e.m.c.i.embedder.EclipseLogger - Using 'UTF-8' encoding to copy filtered resources.
2019-04-25 16:13:07,050 [Worker-648] INFO  o.e.m.c.i.embedder.EclipseLogger - Copying 0 resource
2019-04-25 16:13:07,051 [Worker-648] INFO  o.e.m.c.i.embedder.EclipseLogger - Copying 0 resource
2019-04-25 16:13:07,057 [Worker-648] INFO  o.e.m.c.i.embedder.EclipseLogger - Using 'UTF-8' encoding to copy filtered resources.
2019-04-25 16:13:07,057 [Worker-648] INFO  o.e.m.c.i.embedder.EclipseLogger - skip non existing resourceDirectory D:\SpringBootExternalServer\externalserver\src\test\resources
2019-04-25 16:14:43,684 [Worker-645] INFO  o.e.m.c.i.embedder.EclipseLogger - Using 'UTF-8' encoding to copy filtered resources.
2019-04-25 16:14:43,685 [Worker-645] INFO  o.e.m.c.i.embedder.EclipseLogger - Copying 1 resource
2019-04-25 16:14:43,687 [Worker-645] INFO  o.e.m.c.i.embedder.EclipseLogger - Copying 0 resource
2019-04-25 16:14:43,688 [Worker-645] INFO  o.e.m.c.i.embedder.EclipseLogger - Using 'UTF-8' encoding to copy filtered resources.
2019-04-25 16:14:43,688 [Worker-645] INFO  o.e.m.c.i.embedder.EclipseLogger - skip non existing resourceDirectory D:\SpringBootExternalServer\externalserver\src\test\resources
2019-04-25 16:15:07,742 [Worker-648] INFO  o.e.m.c.i.embedder.EclipseLogger - Using 'UTF-8' encoding to copy filtered resources.
2019-04-25 16:15:07,743 [Worker-648] INFO  o.e.m.c.i.embedder.EclipseLogger - Copying 1 resource
2019-04-25 16:15:07,746 [Worker-648] INFO  o.e.m.c.i.embedder.EclipseLogger - Copying 0 resource
2019-04-25 16:15:07,748 [Worker-648] INFO  o.e.m.c.i.embedder.EclipseLogger - Using 'UTF-8' encoding to copy filtered resources.
2019-04-25 16:15:07,748 [Worker-648] INFO  o.e.m.c.i.embedder.EclipseLogger - skip non existing resourceDirectory D:\SpringBootExternalServer\externalserver\src\test\resources
2019-04-25 16:15:37,368 [Worker-649] INFO  o.e.m.c.i.embedder.EclipseLogger - Using 'UTF-8' encoding to copy filtered resources.
2019-04-25 16:15:37,370 [Worker-649] INFO  o.e.m.c.i.embedder.EclipseLogger - Copying 1 resource
2019-04-25 16:15:37,373 [Worker-649] INFO  o.e.m.c.i.embedder.EclipseLogger - Copying 0 resource
2019-04-25 16:15:37,376 [Worker-649] INFO  o.e.m.c.i.embedder.EclipseLogger - Using 'UTF-8' encoding to copy filtered resources.
2019-04-25 16:15:37,376 [Worker-649] INFO  o.e.m.c.i.embedder.EclipseLogger - skip non existing resourceDirectory D:\SpringBootExternalServer\externalserver\src\test\resources
2019-04-25 16:19:43,740 [Worker-653] INFO  o.e.m.c.i.embedder.EclipseLogger - Using 'UTF-8' encoding to copy filtered resources.
2019-04-25 16:19:43,741 [Worker-653] INFO  o.e.m.c.i.embedder.EclipseLogger - Copying 1 resource
2019-04-25 16:19:43,743 [Worker-653] INFO  o.e.m.c.i.embedder.EclipseLogger - Copying 0 resource
2019-04-25 16:19:43,745 [Worker-653] INFO  o.e.m.c.i.embedder.EclipseLogger - Using 'UTF-8' encoding to copy filtered resources.
2019-04-25 16:19:43,745 [Worker-653] INFO  o.e.m.c.i.embedder.EclipseLogger - skip non existing resourceDirectory D:\SpringBootExternalServer\externalserver\src\test\resources
2019-04-25 16:21:38,383 [Worker-655] INFO  o.e.m.c.i.l.LifecycleMappingFactory - Using org.eclipse.m2e.jdt.JarLifecycleMapping lifecycle mapping for MavenProject: com.externalserver:externalserver:0.0.1-SNAPSHOT @ D:\SpringBootExternalServer\externalserver\pom.xml.
2019-04-25 16:21:39,667 [Worker-655] INFO  o.e.m.c.i.embedder.EclipseLogger - Using 'UTF-8' encoding to copy filtered resources.
2019-04-25 16:21:39,670 [Worker-655] INFO  o.e.m.c.i.embedder.EclipseLogger - Copying 0 resource
2019-04-25 16:21:39,671 [Worker-655] INFO  o.e.m.c.i.embedder.EclipseLogger - Copying 0 resource
2019-04-25 16:21:39,673 [Worker-655] INFO  o.e.m.c.i.embedder.EclipseLogger - Using 'UTF-8' encoding to copy filtered resources.
2019-04-25 16:21:39,673 [Worker-655] INFO  o.e.m.c.i.embedder.EclipseLogger - skip non existing resourceDirectory D:\SpringBootExternalServer\externalserver\src\test\resources
2019-04-25 16:24:03,531 [Worker-644] INFO  o.e.m.c.i.l.LifecycleMappingFactory - Using org.maven.ide.eclipse.wtp.WarLifecycleMapping lifecycle mapping for MavenProject: com.externalserver:externalserver:0.0.1-SNAPSHOT @ D:\SpringBootExternalServer\externalserver\pom.xml.
2019-04-25 16:24:06,625 [Worker-644] INFO  o.e.m.c.i.embedder.EclipseLogger - Using 'UTF-8' encoding to copy filtered resources.
2019-04-25 16:24:06,629 [Worker-644] INFO  o.e.m.c.i.embedder.EclipseLogger - Copying 0 resource
2019-04-25 16:24:06,629 [Worker-644] INFO  o.e.m.c.i.embedder.EclipseLogger - Copying 0 resource
2019-04-25 16:24:06,631 [Worker-644] INFO  o.e.m.c.i.embedder.EclipseLogger - Using 'UTF-8' encoding to copy filtered resources.
2019-04-25 16:24:06,631 [Worker-644] INFO  o.e.m.c.i.embedder.EclipseLogger - skip non existing resourceDirectory D:\SpringBootExternalServer\externalserver\src\test\resources
2019-04-25 16:24:06,636 [Worker-644] INFO  o.e.m.w.i.f.ResourceFilteringBuildParticipant - Changed resources require a complete clean of filtered resources of externalserver
2019-04-25 16:24:06,637 [Worker-644] INFO  o.e.m.w.i.f.ResourceFilteringBuildParticipant - Executing resource filtering for externalserver
2019-04-25 16:24:06,680 [Worker-644] INFO  o.e.m.c.i.embedder.EclipseLogger - Using 'UTF-8' encoding to copy filtered resources.
2019-04-25 16:24:23,353 [Worker-644] INFO  o.e.m.i.launch.MavenLaunchDelegate - D:\SpringBootExternalServer\externalserver
2019-04-25 16:24:23,353 [Worker-644] INFO  o.e.m.i.launch.MavenLaunchDelegate -  mvn -B install
2019-04-25 16:24:31,858 [Worker-644] INFO  o.e.m.c.i.embedder.EclipseLogger - Using 'UTF-8' encoding to copy filtered resources.
2019-04-25 16:24:31,860 [Worker-644] INFO  o.e.m.c.i.embedder.EclipseLogger - Copying 1 resource
2019-04-25 16:24:31,872 [Worker-644] INFO  o.e.m.c.i.embedder.EclipseLogger - Copying 0 resource
2019-04-25 16:24:31,874 [Worker-644] INFO  o.e.m.c.i.embedder.EclipseLogger - Using 'UTF-8' encoding to copy filtered resources.
2019-04-25 16:24:31,874 [Worker-644] INFO  o.e.m.c.i.embedder.EclipseLogger - skip non existing resourceDirectory D:\SpringBootExternalServer\externalserver\src\test\resources
2019-04-25 16:26:12,056 [Worker-651] INFO  o.e.m.c.i.l.LifecycleMappingFactory - Using org.maven.ide.eclipse.wtp.WarLifecycleMapping lifecycle mapping for MavenProject: com.externalserver:externalserver:0.0.1-SNAPSHOT @ D:\SpringBootExternalServer\externalserver\pom.xml.
2019-04-25 16:26:13,756 [Worker-651] INFO  o.e.m.c.i.embedder.EclipseLogger - Using 'UTF-8' encoding to copy filtered resources.
2019-04-25 16:26:13,760 [Worker-651] INFO  o.e.m.c.i.embedder.EclipseLogger - Copying 0 resource
2019-04-25 16:26:13,760 [Worker-651] INFO  o.e.m.c.i.embedder.EclipseLogger - Copying 0 resource
2019-04-25 16:26:13,763 [Worker-651] INFO  o.e.m.c.i.embedder.EclipseLogger - Using 'UTF-8' encoding to copy filtered resources.
2019-04-25 16:26:13,763 [Worker-651] INFO  o.e.m.c.i.embedder.EclipseLogger - skip non existing resourceDirectory D:\SpringBootExternalServer\externalserver\src\test\resources
2019-04-25 16:26:13,763 [Worker-651] INFO  o.e.m.w.i.f.ResourceFilteringBuildParticipant - Changed resources require a complete clean of filtered resources of externalserver
2019-04-25 16:26:13,763 [Worker-651] INFO  o.e.m.w.i.f.ResourceFilteringBuildParticipant - Executing resource filtering for externalserver
2019-04-25 16:26:13,767 [Worker-651] INFO  o.e.m.c.i.embedder.EclipseLogger - Using 'UTF-8' encoding to copy filtered resources.
2019-04-25 16:26:26,017 [Worker-658] INFO  o.e.m.i.launch.MavenLaunchDelegate - D:\SpringBootExternalServer\externalserver
2019-04-25 16:26:26,018 [Worker-658] INFO  o.e.m.i.launch.MavenLaunchDelegate -  mvn -B install
2019-04-25 16:26:33,796 [Worker-644] INFO  o.e.m.c.i.embedder.EclipseLogger - Using 'UTF-8' encoding to copy filtered resources.
2019-04-25 16:26:33,797 [Worker-644] INFO  o.e.m.c.i.embedder.EclipseLogger - Copying 1 resource
2019-04-25 16:26:33,810 [Worker-644] INFO  o.e.m.c.i.embedder.EclipseLogger - Copying 0 resource
2019-04-25 16:26:33,812 [Worker-644] INFO  o.e.m.c.i.embedder.EclipseLogger - Using 'UTF-8' encoding to copy filtered resources.
2019-04-25 16:26:33,812 [Worker-644] INFO  o.e.m.c.i.embedder.EclipseLogger - skip non existing resourceDirectory D:\SpringBootExternalServer\externalserver\src\test\resources
2019-04-25 16:29:39,964 [Worker-644] INFO  o.e.m.c.i.l.LifecycleMappingFactory - Using org.maven.ide.eclipse.wtp.WarLifecycleMapping lifecycle mapping for MavenProject: com.externalserver:externalserver:0.0.1-SNAPSHOT @ D:\SpringBootExternalServer\externalserver\pom.xml.
2019-04-25 16:29:41,434 [Worker-644] INFO  o.e.m.c.i.embedder.EclipseLogger - Using 'UTF-8' encoding to copy filtered resources.
2019-04-25 16:29:41,436 [Worker-644] INFO  o.e.m.c.i.embedder.EclipseLogger - Copying 0 resource
2019-04-25 16:29:41,436 [Worker-644] INFO  o.e.m.c.i.embedder.EclipseLogger - Copying 0 resource
2019-04-25 16:29:41,439 [Worker-644] INFO  o.e.m.c.i.embedder.EclipseLogger - Using 'UTF-8' encoding to copy filtered resources.
2019-04-25 16:29:41,439 [Worker-644] INFO  o.e.m.c.i.embedder.EclipseLogger - skip non existing resourceDirectory D:\SpringBootExternalServer\externalserver\src\test\resources
2019-04-25 16:29:41,439 [Worker-644] INFO  o.e.m.w.i.f.ResourceFilteringBuildParticipant - Changed resources require a complete clean of filtered resources of externalserver
2019-04-25 16:29:41,439 [Worker-644] INFO  o.e.m.w.i.f.ResourceFilteringBuildParticipant - Executing resource filtering for externalserver
2019-04-25 16:29:41,442 [Worker-644] INFO  o.e.m.c.i.embedder.EclipseLogger - Using 'UTF-8' encoding to copy filtered resources.
2019-04-25 16:32:03,636 [Worker-662] INFO  o.e.m.i.launch.MavenLaunchDelegate - D:\SpringBootExternalServer\externalserver
2019-04-25 16:32:03,636 [Worker-662] INFO  o.e.m.i.launch.MavenLaunchDelegate -  mvn -B install
2019-04-25 16:32:10,327 [Worker-660] INFO  o.e.m.c.i.embedder.EclipseLogger - Using 'UTF-8' encoding to copy filtered resources.
2019-04-25 16:32:10,328 [Worker-660] INFO  o.e.m.c.i.embedder.EclipseLogger - Copying 1 resource
2019-04-25 16:32:10,343 [Worker-660] INFO  o.e.m.c.i.embedder.EclipseLogger - Copying 0 resource
2019-04-25 16:32:10,344 [Worker-660] INFO  o.e.m.c.i.embedder.EclipseLogger - Using 'UTF-8' encoding to copy filtered resources.
2019-04-25 16:32:10,344 [Worker-660] INFO  o.e.m.c.i.embedder.EclipseLogger - skip non existing resourceDirectory D:\SpringBootExternalServer\externalserver\src\test\resources
2019-04-25 16:35:58,612 [Worker-663] INFO  o.e.m.c.i.embedder.EclipseLogger - Using 'UTF-8' encoding to copy filtered resources.
2019-04-25 16:35:58,613 [Worker-663] INFO  o.e.m.c.i.embedder.EclipseLogger - Copying 0 resource
2019-04-25 16:35:58,613 [Worker-663] INFO  o.e.m.c.i.embedder.EclipseLogger - Copying 0 resource
2019-04-25 16:35:58,614 [Worker-663] INFO  o.e.m.c.i.embedder.EclipseLogger - Using 'UTF-8' encoding to copy filtered resources.
2019-04-25 16:35:58,614 [Worker-663] INFO  o.e.m.c.i.embedder.EclipseLogger - skip non existing resourceDirectory D:\SpringBootExternalServer\externalserver\src\test\resources
2019-04-25 16:36:04,581 [Worker-663] INFO  o.e.m.c.i.embedder.EclipseLogger - Using 'UTF-8' encoding to copy filtered resources.
2019-04-25 16:36:04,581 [Worker-663] INFO  o.e.m.c.i.embedder.EclipseLogger - Copying 0 resource
2019-04-25 16:36:04,581 [Worker-663] INFO  o.e.m.c.i.embedder.EclipseLogger - Copying 0 resource
2019-04-25 16:36:04,582 [Worker-663] INFO  o.e.m.c.i.embedder.EclipseLogger - Using 'UTF-8' encoding to copy filtered resources.
2019-04-25 16:36:04,582 [Worker-663] INFO  o.e.m.c.i.embedder.EclipseLogger - skip non existing resourceDirectory D:\SpringBootExternalServer\externalserver\src\test\resources
2019-04-25 16:36:05,645 [Worker-662] INFO  o.e.m.c.i.embedder.EclipseLogger - Using 'UTF-8' encoding to copy filtered resources.
2019-04-25 16:36:05,645 [Worker-662] INFO  o.e.m.c.i.embedder.EclipseLogger - Copying 0 resource
2019-04-25 16:36:05,645 [Worker-662] INFO  o.e.m.c.i.embedder.EclipseLogger - Copying 0 resource
2019-04-25 16:36:05,647 [Worker-662] INFO  o.e.m.c.i.embedder.EclipseLogger - Using 'UTF-8' encoding to copy filtered resources.
2019-04-25 16:36:05,647 [Worker-662] INFO  o.e.m.c.i.embedder.EclipseLogger - skip non existing resourceDirectory D:\SpringBootExternalServer\externalserver\src\test\resources
2019-04-25 16:36:17,416 [Worker-667] INFO  o.e.m.i.launch.MavenLaunchDelegate - D:\SpringBootExternalServer\externalserver
2019-04-25 16:36:17,416 [Worker-667] INFO  o.e.m.i.launch.MavenLaunchDelegate -  mvn -B install
2019-04-25 16:36:21,794 [Worker-666] INFO  o.e.m.c.i.embedder.EclipseLogger - Using 'UTF-8' encoding to copy filtered resources.
2019-04-25 16:36:21,796 [Worker-666] INFO  o.e.m.c.i.embedder.EclipseLogger - Copying 1 resource
2019-04-25 16:36:21,799 [Worker-666] INFO  o.e.m.c.i.embedder.EclipseLogger - Copying 0 resource
2019-04-25 16:36:21,801 [Worker-666] INFO  o.e.m.c.i.embedder.EclipseLogger - Using 'UTF-8' encoding to copy filtered resources.
2019-04-25 16:36:21,802 [Worker-666] INFO  o.e.m.c.i.embedder.EclipseLogger - skip non existing resourceDirectory D:\SpringBootExternalServer\externalserver\src\test\resources
2019-04-25 16:37:20,873 [Worker-664] INFO  o.e.m.c.i.embedder.EclipseLogger - Using 'UTF-8' encoding to copy filtered resources.
2019-04-25 16:37:20,874 [Worker-664] INFO  o.e.m.c.i.embedder.EclipseLogger - Copying 1 resource
2019-04-25 16:37:20,876 [Worker-664] INFO  o.e.m.c.i.embedder.EclipseLogger - Copying 0 resource
2019-04-25 16:37:20,878 [Worker-664] INFO  o.e.m.c.i.embedder.EclipseLogger - Using 'UTF-8' encoding to copy filtered resources.
2019-04-25 16:37:20,878 [Worker-664] INFO  o.e.m.c.i.embedder.EclipseLogger - skip non existing resourceDirectory D:\SpringBootExternalServer\externalserver\src\test\resources
2019-04-25 16:37:21,966 [Worker-664] INFO  o.e.m.c.i.embedder.EclipseLogger - Using 'UTF-8' encoding to copy filtered resources.
2019-04-25 16:37:21,967 [Worker-664] INFO  o.e.m.c.i.embedder.EclipseLogger - Copying 0 resource
2019-04-25 16:37:21,967 [Worker-664] INFO  o.e.m.c.i.embedder.EclipseLogger - Copying 0 resource
2019-04-25 16:37:21,969 [Worker-664] INFO  o.e.m.c.i.embedder.EclipseLogger - Using 'UTF-8' encoding to copy filtered resources.
2019-04-25 16:37:21,969 [Worker-664] INFO  o.e.m.c.i.embedder.EclipseLogger - skip non existing resourceDirectory D:\SpringBootExternalServer\externalserver\src\test\resources
2019-04-25 16:37:34,390 [Worker-662] INFO  o.e.m.i.launch.MavenLaunchDelegate - D:\SpringBootExternalServer\externalserver
2019-04-25 16:37:34,390 [Worker-662] INFO  o.e.m.i.launch.MavenLaunchDelegate -  mvn -B install
2019-04-25 16:38:13,858 [Worker-667] INFO  o.e.m.c.i.embedder.EclipseLogger - Using 'UTF-8' encoding to copy filtered resources.
2019-04-25 16:38:13,860 [Worker-667] INFO  o.e.m.c.i.embedder.EclipseLogger - Copying 1 resource
2019-04-25 16:38:13,863 [Worker-667] INFO  o.e.m.c.i.embedder.EclipseLogger - Copying 0 resource
2019-04-25 16:38:13,864 [Worker-667] INFO  o.e.m.c.i.embedder.EclipseLogger - Using 'UTF-8' encoding to copy filtered resources.
2019-04-25 16:38:13,865 [Worker-667] INFO  o.e.m.c.i.embedder.EclipseLogger - skip non existing resourceDirectory D:\SpringBootExternalServer\externalserver\src\test\resources
2019-04-25 18:05:15,840 [Worker-705] INFO  o.e.m.c.i.l.LifecycleMappingFactory - Using org.eclipse.m2e.jdt.JarLifecycleMapping lifecycle mapping for MavenProject: com.externalserver1:externalserver1:0.0.1-SNAPSHOT @ D:\SpringBootExternalServer\externalserver1\pom.xml.
2019-04-25 18:05:19,962 [Worker-705] INFO  o.e.m.j.i.AbstractJavaProjectConfigurator - Adding source folder /externalserver1/src/main/java
2019-04-25 18:05:19,963 [Worker-705] INFO  o.e.m.j.i.AbstractJavaProjectConfigurator - Adding resource folder /externalserver1/src/main/resources
2019-04-25 18:05:19,984 [Worker-705] INFO  o.e.m.j.i.AbstractJavaProjectConfigurator - Adding resource folder /externalserver1/src/main/resources
2019-04-25 18:05:20,068 [Worker-705] INFO  o.e.m.j.i.AbstractJavaProjectConfigurator - Adding source folder /externalserver1/src/test/java
2019-04-25 18:05:21,042 [Worker-705] INFO  o.e.m.c.i.p.ProjectConfigurationManager - Imported and configured 1 project(s) in 6 sec
2019-04-25 18:05:22,721 [Worker-705] INFO  o.e.m.c.i.embedder.EclipseLogger - Using 'UTF-8' encoding to copy filtered resources.
2019-04-25 18:05:22,722 [Worker-705] INFO  o.e.m.c.i.embedder.EclipseLogger - Copying 1 resource
2019-04-25 18:05:22,729 [Worker-705] INFO  o.e.m.c.i.embedder.EclipseLogger - Copying 0 resource
2019-04-25 18:05:22,730 [Worker-705] INFO  o.e.m.c.i.embedder.EclipseLogger - Using 'UTF-8' encoding to copy filtered resources.
2019-04-25 18:05:22,730 [Worker-705] INFO  o.e.m.c.i.embedder.EclipseLogger - skip non existing resourceDirectory D:\SpringBootExternalServer\externalserver1\src\test\resources
2019-04-25 18:06:52,566 [Worker-703] INFO  o.e.m.c.i.embedder.EclipseLogger - Using 'UTF-8' encoding to copy filtered resources.
2019-04-25 18:06:52,566 [Worker-703] INFO  o.e.m.c.i.embedder.EclipseLogger - Copying 1 resource
2019-04-25 18:06:52,568 [Worker-703] INFO  o.e.m.c.i.embedder.EclipseLogger - Copying 0 resource
2019-04-25 18:06:52,569 [Worker-703] INFO  o.e.m.c.i.embedder.EclipseLogger - Using 'UTF-8' encoding to copy filtered resources.
2019-04-25 18:06:52,569 [Worker-703] INFO  o.e.m.c.i.embedder.EclipseLogger - skip non existing resourceDirectory D:\SpringBootExternalServer\externalserver1\src\test\resources
2019-04-25 18:08:17,227 [Worker-706] INFO  o.e.m.c.i.embedder.EclipseLogger - Using 'UTF-8' encoding to copy filtered resources.
2019-04-25 18:08:17,227 [Worker-706] INFO  o.e.m.c.i.embedder.EclipseLogger - Copying 1 resource
2019-04-25 18:08:17,229 [Worker-706] INFO  o.e.m.c.i.embedder.EclipseLogger - Copying 0 resource
2019-04-25 18:08:17,230 [Worker-706] INFO  o.e.m.c.i.embedder.EclipseLogger - Using 'UTF-8' encoding to copy filtered resources.
2019-04-25 18:08:17,230 [Worker-706] INFO  o.e.m.c.i.embedder.EclipseLogger - skip non existing resourceDirectory D:\SpringBootExternalServer\externalserver1\src\test\resources
2019-04-25 18:08:23,962 [Worker-708] INFO  o.e.m.c.i.embedder.EclipseLogger - Using 'UTF-8' encoding to copy filtered resources.
2019-04-25 18:08:23,963 [Worker-708] INFO  o.e.m.c.i.embedder.EclipseLogger - Copying 1 resource
2019-04-25 18:08:23,965 [Worker-708] INFO  o.e.m.c.i.embedder.EclipseLogger - Copying 0 resource
2019-04-25 18:08:23,967 [Worker-708] INFO  o.e.m.c.i.embedder.EclipseLogger - Using 'UTF-8' encoding to copy filtered resources.
2019-04-25 18:08:23,967 [Worker-708] INFO  o.e.m.c.i.embedder.EclipseLogger - skip non existing resourceDirectory D:\SpringBootExternalServer\externalserver1\src\test\resources
2019-04-25 18:09:11,444 [Worker-709] INFO  o.e.m.c.i.l.LifecycleMappingFactory - Using org.maven.ide.eclipse.wtp.WarLifecycleMapping lifecycle mapping for MavenProject: com.externalserver1:externalserver1:0.0.1-SNAPSHOT @ D:\SpringBootExternalServer\externalserver1\pom.xml.
2019-04-25 18:09:13,011 [Worker-709] INFO  o.e.m.c.i.embedder.EclipseLogger - Using 'UTF-8' encoding to copy filtered resources.
2019-04-25 18:09:13,011 [Worker-709] INFO  o.e.m.c.i.embedder.EclipseLogger - Copying 0 resource
2019-04-25 18:09:13,011 [Worker-709] INFO  o.e.m.c.i.embedder.EclipseLogger - Copying 0 resource
2019-04-25 18:09:13,013 [Worker-709] INFO  o.e.m.c.i.embedder.EclipseLogger - Using 'UTF-8' encoding to copy filtered resources.
2019-04-25 18:09:13,013 [Worker-709] INFO  o.e.m.c.i.embedder.EclipseLogger - skip non existing resourceDirectory D:\SpringBootExternalServer\externalserver1\src\test\resources
2019-04-25 18:09:13,013 [Worker-709] INFO  o.e.m.w.i.f.ResourceFilteringBuildParticipant - Changed resources require a complete clean of filtered resources of externalserver1
2019-04-25 18:09:13,013 [Worker-709] INFO  o.e.m.w.i.f.ResourceFilteringBuildParticipant - Executing resource filtering for externalserver1
2019-04-25 18:09:13,016 [Worker-709] INFO  o.e.m.c.i.embedder.EclipseLogger - Using 'UTF-8' encoding to copy filtered resources.
2019-04-25 18:09:39,312 [Worker-706] INFO  o.e.m.c.i.l.LifecycleMappingFactory - Using org.maven.ide.eclipse.wtp.WarLifecycleMapping lifecycle mapping for MavenProject: com.externalserver1:externalserver1:0.0.1-SNAPSHOT @ D:\SpringBootExternalServer\externalserver1\pom.xml.
2019-04-25 18:09:40,028 [Worker-706] INFO  o.e.m.c.i.embedder.EclipseLogger - Using 'UTF-8' encoding to copy filtered resources.
2019-04-25 18:09:40,028 [Worker-706] INFO  o.e.m.c.i.embedder.EclipseLogger - Copying 0 resource
2019-04-25 18:09:40,028 [Worker-706] INFO  o.e.m.c.i.embedder.EclipseLogger - Copying 0 resource
2019-04-25 18:09:40,030 [Worker-706] INFO  o.e.m.c.i.embedder.EclipseLogger - Using 'UTF-8' encoding to copy filtered resources.
2019-04-25 18:09:40,030 [Worker-706] INFO  o.e.m.c.i.embedder.EclipseLogger - skip non existing resourceDirectory D:\SpringBootExternalServer\externalserver1\src\test\resources
2019-04-25 18:09:40,030 [Worker-706] INFO  o.e.m.w.i.f.ResourceFilteringBuildParticipant - Changed resources require a complete clean of filtered resources of externalserver1
2019-04-25 18:09:40,030 [Worker-706] INFO  o.e.m.w.i.f.ResourceFilteringBuildParticipant - Executing resource filtering for externalserver1
2019-04-25 18:09:40,033 [Worker-706] INFO  o.e.m.c.i.embedder.EclipseLogger - Using 'UTF-8' encoding to copy filtered resources.
2019-04-25 18:10:36,206 [Worker-704] INFO  o.e.m.c.i.embedder.EclipseLogger - Using 'UTF-8' encoding to copy filtered resources.
2019-04-25 18:10:36,207 [Worker-704] INFO  o.e.m.c.i.embedder.EclipseLogger - Copying 1 resource
2019-04-25 18:10:36,209 [Worker-704] INFO  o.e.m.c.i.embedder.EclipseLogger - Copying 0 resource
2019-04-25 18:10:36,211 [Worker-704] INFO  o.e.m.c.i.embedder.EclipseLogger - Using 'UTF-8' encoding to copy filtered resources.
2019-04-25 18:10:36,211 [Worker-704] INFO  o.e.m.c.i.embedder.EclipseLogger - skip non existing resourceDirectory D:\SpringBootExternalServer\externalserver1\src\test\resources
2019-04-25 18:11:05,325 [Worker-707] INFO  o.e.m.c.i.embedder.EclipseLogger - Using 'UTF-8' encoding to copy filtered resources.
2019-04-25 18:11:05,326 [Worker-707] INFO  o.e.m.c.i.embedder.EclipseLogger - Copying 1 resource
2019-04-25 18:11:05,328 [Worker-707] INFO  o.e.m.c.i.embedder.EclipseLogger - Copying 0 resource
2019-04-25 18:11:05,329 [Worker-707] INFO  o.e.m.c.i.embedder.EclipseLogger - Using 'UTF-8' encoding to copy filtered resources.
2019-04-25 18:11:05,329 [Worker-707] INFO  o.e.m.c.i.embedder.EclipseLogger - skip non existing resourceDirectory D:\SpringBootExternalServer\externalserver1\src\test\resources
2019-04-25 18:11:12,436 [Worker-704] INFO  o.e.m.c.i.embedder.EclipseLogger - Using 'UTF-8' encoding to copy filtered resources.
2019-04-25 18:11:12,436 [Worker-704] INFO  o.e.m.c.i.embedder.EclipseLogger - Copying 1 resource
2019-04-25 18:11:12,438 [Worker-704] INFO  o.e.m.c.i.embedder.EclipseLogger - Copying 0 resource
2019-04-25 18:11:12,439 [Worker-704] INFO  o.e.m.c.i.embedder.EclipseLogger - Using 'UTF-8' encoding to copy filtered resources.
2019-04-25 18:11:12,439 [Worker-704] INFO  o.e.m.c.i.embedder.EclipseLogger - skip non existing resourceDirectory D:\SpringBootExternalServer\externalserver1\src\test\resources
2019-04-25 18:15:00,351 [Worker-706] INFO  o.e.m.c.i.embedder.EclipseLogger - Using 'UTF-8' encoding to copy filtered resources.
2019-04-25 18:15:00,351 [Worker-706] INFO  o.e.m.c.i.embedder.EclipseLogger - Copying 1 resource
2019-04-25 18:15:00,353 [Worker-706] INFO  o.e.m.c.i.embedder.EclipseLogger - Copying 0 resource
2019-04-25 18:15:00,355 [Worker-706] INFO  o.e.m.c.i.embedder.EclipseLogger - Using 'UTF-8' encoding to copy filtered resources.
2019-04-25 18:15:00,355 [Worker-706] INFO  o.e.m.c.i.embedder.EclipseLogger - skip non existing resourceDirectory D:\SpringBootExternalServer\externalserver1\src\test\resources
2019-04-25 18:18:50,763 [Worker-716] INFO  o.e.m.i.launch.MavenLaunchDelegate - D:\SpringBootExternalServer\externalserver1
2019-04-25 18:18:50,763 [Worker-716] INFO  o.e.m.i.launch.MavenLaunchDelegate -  mvn -B install
2019-04-25 18:19:16,558 [Worker-706] INFO  o.e.m.c.i.embedder.EclipseLogger - Using 'UTF-8' encoding to copy filtered resources.
2019-04-25 18:19:16,559 [Worker-706] INFO  o.e.m.c.i.embedder.EclipseLogger - Copying 1 resource
2019-04-25 18:19:16,561 [Worker-706] INFO  o.e.m.c.i.embedder.EclipseLogger - Copying 0 resource
2019-04-25 18:19:16,563 [Worker-706] INFO  o.e.m.c.i.embedder.EclipseLogger - Using 'UTF-8' encoding to copy filtered resources.
2019-04-25 18:19:16,563 [Worker-706] INFO  o.e.m.c.i.embedder.EclipseLogger - skip non existing resourceDirectory D:\SpringBootExternalServer\externalserver1\src\test\resources
2019-04-25 18:19:16,563 [Worker-706] INFO  o.e.m.w.i.f.ResourceFilteringBuildParticipant - Changed resources require a complete clean of filtered resources of externalserver1
2019-04-25 18:19:16,563 [Worker-706] INFO  o.e.m.w.i.f.ResourceFilteringBuildParticipant - Executing resource filtering for externalserver1
2019-04-25 18:19:16,567 [Worker-706] INFO  o.e.m.c.i.embedder.EclipseLogger - Using 'UTF-8' encoding to copy filtered resources.
2019-04-25 18:24:56,593 [Worker-722] INFO  o.e.m.c.i.embedder.EclipseLogger - Using 'UTF-8' encoding to copy filtered resources.
2019-04-25 18:24:56,594 [Worker-722] INFO  o.e.m.c.i.embedder.EclipseLogger - Copying 1 resource
2019-04-25 18:24:56,596 [Worker-722] INFO  o.e.m.c.i.embedder.EclipseLogger - Copying 0 resource
2019-04-25 18:24:56,598 [Worker-722] INFO  o.e.m.c.i.embedder.EclipseLogger - Using 'UTF-8' encoding to copy filtered resources.
2019-04-25 18:24:56,598 [Worker-722] INFO  o.e.m.c.i.embedder.EclipseLogger - skip non existing resourceDirectory D:\SpringBootExternalServer\externalserver1\src\test\resources
2019-04-25 18:25:03,022 [Worker-723] INFO  o.e.m.c.i.embedder.EclipseLogger - Using 'UTF-8' encoding to copy filtered resources.
2019-04-25 18:25:03,023 [Worker-723] INFO  o.e.m.c.i.embedder.EclipseLogger - Copying 1 resource
2019-04-25 18:25:03,024 [Worker-723] INFO  o.e.m.c.i.embedder.EclipseLogger - Copying 0 resource
2019-04-25 18:25:03,026 [Worker-723] INFO  o.e.m.c.i.embedder.EclipseLogger - Using 'UTF-8' encoding to copy filtered resources.
2019-04-25 18:25:03,026 [Worker-723] INFO  o.e.m.c.i.embedder.EclipseLogger - skip non existing resourceDirectory D:\SpringBootExternalServer\externalserver1\src\test\resources
2019-04-26 15:24:25,940 [Worker-3] INFO  o.e.m.c.i.l.LifecycleMappingFactory - Using org.maven.ide.eclipse.wtp.WarLifecycleMapping lifecycle mapping for MavenProject: com.externalserver:externalserver:0.0.1-SNAPSHOT @ D:\SpringBootExternalServer\externalserver\pom.xml.
2019-04-26 15:24:31,209 [Worker-3] INFO  o.e.m.c.i.l.LifecycleMappingFactory - Using org.maven.ide.eclipse.wtp.WarLifecycleMapping lifecycle mapping for MavenProject: com.externalserver1:externalserver1:0.0.1-SNAPSHOT @ D:\SpringBootExternalServer\externalserver1\pom.xml.
2019-04-26 15:24:38,691 [Worker-0] INFO  o.e.m.c.i.embedder.EclipseLogger - Using 'UTF-8' encoding to copy filtered resources.
2019-04-26 15:24:38,697 [Worker-0] INFO  o.e.m.c.i.embedder.EclipseLogger - Copying 1 resource
2019-04-26 15:24:38,739 [Worker-0] INFO  o.e.m.c.i.embedder.EclipseLogger - Copying 0 resource
2019-04-26 15:24:38,742 [Worker-0] INFO  o.e.m.c.i.embedder.EclipseLogger - Using 'UTF-8' encoding to copy filtered resources.
2019-04-26 15:24:38,742 [Worker-0] INFO  o.e.m.c.i.embedder.EclipseLogger - skip non existing resourceDirectory D:\SpringBootExternalServer\externalserver\src\test\resources
2019-04-26 15:24:42,268 [Worker-12] INFO  o.e.m.c.i.embedder.EclipseLogger - Using 'UTF-8' encoding to copy filtered resources.
2019-04-26 15:24:42,269 [Worker-12] INFO  o.e.m.c.i.embedder.EclipseLogger - Copying 1 resource
2019-04-26 15:24:42,272 [Worker-12] INFO  o.e.m.c.i.embedder.EclipseLogger - Copying 0 resource
2019-04-26 15:24:42,275 [Worker-12] INFO  o.e.m.c.i.embedder.EclipseLogger - Using 'UTF-8' encoding to copy filtered resources.
2019-04-26 15:24:42,275 [Worker-12] INFO  o.e.m.c.i.embedder.EclipseLogger - skip non existing resourceDirectory D:\SpringBootExternalServer\externalserver1\src\test\resources
2019-04-26 15:30:25,792 [Worker-5] WARN  o.e.r.models.ModelRepository - Failed to download org.eclipse.recommenders:index::zip:0.0.0
org.eclipse.aether.resolution.ArtifactResolutionException: Could not transfer artifact org.eclipse.recommenders:index:zip:0.0.0-20160630.190154-1 from/to models (http://download.eclipse.org/recommenders/models/neon/): Checksum validation failed, expected 0bdde069d1dd1f92f4d679966e16a4d2cb4aa637 but is 1bf902ace44228288e610241313dd9f846e6a00e
	at org.eclipse.aether.internal.impl.DefaultArtifactResolver.resolve(DefaultArtifactResolver.java:444) ~[na:na]
	at org.eclipse.aether.internal.impl.DefaultArtifactResolver.resolveArtifacts(DefaultArtifactResolver.java:246) ~[na:na]
	at org.eclipse.aether.internal.impl.DefaultArtifactResolver.resolveArtifact(DefaultArtifactResolver.java:223) ~[na:na]
	at org.eclipse.aether.internal.impl.DefaultRepositorySystem.resolveArtifact(DefaultRepositorySystem.java:294) ~[na:na]
	at org.eclipse.recommenders.models.ModelRepository.resolveInternal(ModelRepository.java:220) [org.eclipse.recommenders.models_2.4.0.v20160523-1445.jar:na]
	at org.eclipse.recommenders.models.ModelRepository.resolve(ModelRepository.java:199) [org.eclipse.recommenders.models_2.4.0.v20160523-1445.jar:na]
	at org.eclipse.recommenders.internal.models.rcp.EclipseModelRepository.resolve(EclipseModelRepository.java:165) [org.eclipse.recommenders.models.rcp_2.4.0.v20160601-0753.jar:na]
	at org.eclipse.recommenders.internal.models.rcp.DownloadModelArchiveJob.run(DownloadModelArchiveJob.java:76) [org.eclipse.recommenders.models.rcp_2.4.0.v20160601-0753.jar:na]
	at org.eclipse.core.internal.jobs.Worker.run(Worker.java:55) [org.eclipse.core.jobs_3.8.0.v20160509-0411.jar:na]
Caused by: org.eclipse.aether.transfer.ArtifactTransferException: Could not transfer artifact org.eclipse.recommenders:index:zip:0.0.0-20160630.190154-1 from/to models (http://download.eclipse.org/recommenders/models/neon/): Checksum validation failed, expected 0bdde069d1dd1f92f4d679966e16a4d2cb4aa637 but is 1bf902ace44228288e610241313dd9f846e6a00e
	at org.eclipse.aether.connector.basic.ArtifactTransportListener.transferFailed(ArtifactTransportListener.java:43) ~[org.eclipse.aether.connector.basic_1.0.1.v20141111.jar:na]
	at org.eclipse.aether.connector.basic.BasicRepositoryConnector$TaskRunner.run(BasicRepositoryConnector.java:355) ~[org.eclipse.aether.connector.basic_1.0.1.v20141111.jar:na]
	at org.eclipse.aether.util.concurrency.RunnableErrorForwarder$1.run(RunnableErrorForwarder.java:67) ~[na:na]
	at org.eclipse.aether.connector.basic.BasicRepositoryConnector$DirectExecutor.execute(BasicRepositoryConnector.java:581) ~[org.eclipse.aether.connector.basic_1.0.1.v20141111.jar:na]
	at org.eclipse.aether.connector.basic.BasicRepositoryConnector.get(BasicRepositoryConnector.java:249) ~[org.eclipse.aether.connector.basic_1.0.1.v20141111.jar:na]
	at org.eclipse.aether.internal.impl.DefaultArtifactResolver.performDownloads(DefaultArtifactResolver.java:520) ~[na:na]
	at org.eclipse.aether.internal.impl.DefaultArtifactResolver.resolve(DefaultArtifactResolver.java:421) ~[na:na]
	... 8 common frames omitted
Caused by: org.eclipse.aether.transfer.ChecksumFailureException: Checksum validation failed, expected 0bdde069d1dd1f92f4d679966e16a4d2cb4aa637 but is 1bf902ace44228288e610241313dd9f846e6a00e
	at org.eclipse.aether.connector.basic.ChecksumValidator.validateExternalChecksums(ChecksumValidator.java:165) ~[org.eclipse.aether.connector.basic_1.0.1.v20141111.jar:na]
	at org.eclipse.aether.connector.basic.ChecksumValidator.validate(ChecksumValidator.java:94) ~[org.eclipse.aether.connector.basic_1.0.1.v20141111.jar:na]
	at org.eclipse.aether.connector.basic.BasicRepositoryConnector$GetTaskRunner.runTask(BasicRepositoryConnector.java:450) ~[org.eclipse.aether.connector.basic_1.0.1.v20141111.jar:na]
	at org.eclipse.aether.connector.basic.BasicRepositoryConnector$TaskRunner.run(BasicRepositoryConnector.java:350) ~[org.eclipse.aether.connector.basic_1.0.1.v20141111.jar:na]
	... 13 common frames omitted
2019-05-14 14:29:27,381 [Worker-1] INFO  o.e.m.c.i.l.LifecycleMappingFactory - Using org.maven.ide.eclipse.wtp.WarLifecycleMapping lifecycle mapping for MavenProject: com.externalserver:externalserver:0.0.1-SNAPSHOT @ D:\SpringBootExternalServer\externalserver\pom.xml.
2019-05-14 14:29:27,973 [Worker-10] INFO  o.e.m.c.i.l.LifecycleMappingFactory - Using org.maven.ide.eclipse.wtp.WarLifecycleMapping lifecycle mapping for MavenProject: com.externalserver:externalserver:0.0.1-SNAPSHOT @ D:\SpringBootExternalServer\externalserver\pom.xml.
2019-05-14 14:29:36,393 [Worker-10] INFO  o.e.m.c.i.embedder.EclipseLogger - Using 'UTF-8' encoding to copy filtered resources.
2019-05-14 14:29:36,398 [Worker-10] INFO  o.e.m.c.i.embedder.EclipseLogger - Copying 1 resource
2019-05-14 14:29:36,437 [Worker-10] INFO  o.e.m.c.i.embedder.EclipseLogger - Copying 0 resource
2019-05-14 14:29:36,441 [Worker-10] INFO  o.e.m.c.i.embedder.EclipseLogger - Using 'UTF-8' encoding to copy filtered resources.
2019-05-14 14:29:36,441 [Worker-10] INFO  o.e.m.c.i.embedder.EclipseLogger - skip non existing resourceDirectory D:\SpringBootExternalServer\externalserver\src\test\resources
2019-05-14 14:29:38,503 [Worker-12] INFO  o.e.m.c.i.l.LifecycleMappingFactory - Using org.maven.ide.eclipse.wtp.WarLifecycleMapping lifecycle mapping for MavenProject: com.externalserver:externalserver:0.0.1-SNAPSHOT @ D:\SpringBootExternalServer\externalserver\pom.xml.
2019-05-14 14:29:38,991 [Worker-10] INFO  o.e.m.c.i.l.LifecycleMappingFactory - Using org.maven.ide.eclipse.wtp.WarLifecycleMapping lifecycle mapping for MavenProject: com.externalserver1:externalserver1:0.0.1-SNAPSHOT @ D:\SpringBootExternalServer\externalserver1\pom.xml.
2019-05-14 14:29:41,135 [Worker-10] INFO  o.e.m.c.i.embedder.EclipseLogger - Using 'UTF-8' encoding to copy filtered resources.
2019-05-14 14:29:41,136 [Worker-10] INFO  o.e.m.c.i.embedder.EclipseLogger - Copying 1 resource
2019-05-14 14:29:41,158 [Worker-10] INFO  o.e.m.c.i.embedder.EclipseLogger - Copying 0 resource
2019-05-14 14:29:41,159 [Worker-10] INFO  o.e.m.c.i.embedder.EclipseLogger - Using 'UTF-8' encoding to copy filtered resources.
2019-05-14 14:29:41,160 [Worker-10] INFO  o.e.m.c.i.embedder.EclipseLogger - skip non existing resourceDirectory D:\SpringBootExternalServer\externalserver1\src\test\resources
2019-05-14 14:29:44,884 [Worker-13] INFO  o.e.m.c.i.l.LifecycleMappingFactory - Using org.maven.ide.eclipse.wtp.WarLifecycleMapping lifecycle mapping for MavenProject: com.externalserver:externalserver:0.0.1-SNAPSHOT @ D:\SpringBootExternalServer\externalserver\pom.xml.
2019-05-14 14:29:46,343 [Worker-13] INFO  o.e.m.c.i.l.LifecycleMappingFactory - Using org.maven.ide.eclipse.wtp.WarLifecycleMapping lifecycle mapping for MavenProject: com.externalserver1:externalserver1:0.0.1-SNAPSHOT @ D:\SpringBootExternalServer\externalserver1\pom.xml.
2019-05-14 14:29:49,118 [Worker-2] INFO  o.e.m.c.i.embedder.EclipseLogger - Using 'UTF-8' encoding to copy filtered resources.
2019-05-14 14:29:49,121 [Worker-2] INFO  o.e.m.c.i.embedder.EclipseLogger - Copying 0 resource
2019-05-14 14:29:49,122 [Worker-2] INFO  o.e.m.c.i.embedder.EclipseLogger - Copying 0 resource
2019-05-14 14:29:49,124 [Worker-2] INFO  o.e.m.c.i.embedder.EclipseLogger - Using 'UTF-8' encoding to copy filtered resources.
2019-05-14 14:29:49,124 [Worker-2] INFO  o.e.m.c.i.embedder.EclipseLogger - skip non existing resourceDirectory D:\SpringBootExternalServer\externalserver\src\test\resources
2019-05-14 14:29:49,781 [Worker-2] INFO  o.e.m.c.i.embedder.EclipseLogger - Using 'UTF-8' encoding to copy filtered resources.
2019-05-14 14:29:49,781 [Worker-2] INFO  o.e.m.c.i.embedder.EclipseLogger - Copying 0 resource
2019-05-14 14:29:49,781 [Worker-2] INFO  o.e.m.c.i.embedder.EclipseLogger - Copying 0 resource
2019-05-14 14:29:49,783 [Worker-2] INFO  o.e.m.c.i.embedder.EclipseLogger - Using 'UTF-8' encoding to copy filtered resources.
2019-05-14 14:29:49,784 [Worker-2] INFO  o.e.m.c.i.embedder.EclipseLogger - skip non existing resourceDirectory D:\SpringBootExternalServer\externalserver1\src\test\resources
2019-05-14 14:48:21,465 [Worker-15] WARN  o.e.r.models.ModelRepository - Failed to download org.eclipse.recommenders:index::zip:0.0.0
org.eclipse.aether.resolution.ArtifactResolutionException: Could not transfer artifact org.eclipse.recommenders:index:zip:0.0.0-20160630.190154-1 from/to models (http://download.eclipse.org/recommenders/models/neon/): Proxy Authorization Required (407)
	at org.eclipse.aether.internal.impl.DefaultArtifactResolver.resolve(DefaultArtifactResolver.java:444) ~[na:na]
	at org.eclipse.aether.internal.impl.DefaultArtifactResolver.resolveArtifacts(DefaultArtifactResolver.java:246) ~[na:na]
	at org.eclipse.aether.internal.impl.DefaultArtifactResolver.resolveArtifact(DefaultArtifactResolver.java:223) ~[na:na]
	at org.eclipse.aether.internal.impl.DefaultRepositorySystem.resolveArtifact(DefaultRepositorySystem.java:294) ~[na:na]
	at org.eclipse.recommenders.models.ModelRepository.resolveInternal(ModelRepository.java:220) [org.eclipse.recommenders.models_2.4.0.v20160523-1445.jar:na]
	at org.eclipse.recommenders.models.ModelRepository.resolve(ModelRepository.java:199) [org.eclipse.recommenders.models_2.4.0.v20160523-1445.jar:na]
	at org.eclipse.recommenders.internal.models.rcp.EclipseModelRepository.resolve(EclipseModelRepository.java:165) [org.eclipse.recommenders.models.rcp_2.4.0.v20160601-0753.jar:na]
	at org.eclipse.recommenders.internal.models.rcp.DownloadModelArchiveJob.run(DownloadModelArchiveJob.java:76) [org.eclipse.recommenders.models.rcp_2.4.0.v20160601-0753.jar:na]
	at org.eclipse.core.internal.jobs.Worker.run(Worker.java:55) [org.eclipse.core.jobs_3.8.0.v20160509-0411.jar:na]
Caused by: org.eclipse.aether.transfer.ArtifactTransferException: Could not transfer artifact org.eclipse.recommenders:index:zip:0.0.0-20160630.190154-1 from/to models (http://download.eclipse.org/recommenders/models/neon/): Proxy Authorization Required (407)
	at org.eclipse.aether.connector.basic.ArtifactTransportListener.transferFailed(ArtifactTransportListener.java:43) ~[org.eclipse.aether.connector.basic_1.0.1.v20141111.jar:na]
	at org.eclipse.aether.connector.basic.BasicRepositoryConnector$TaskRunner.run(BasicRepositoryConnector.java:355) ~[org.eclipse.aether.connector.basic_1.0.1.v20141111.jar:na]
	at org.eclipse.aether.util.concurrency.RunnableErrorForwarder$1.run(RunnableErrorForwarder.java:67) ~[na:na]
	at org.eclipse.aether.connector.basic.BasicRepositoryConnector$DirectExecutor.execute(BasicRepositoryConnector.java:581) ~[org.eclipse.aether.connector.basic_1.0.1.v20141111.jar:na]
	at org.eclipse.aether.connector.basic.BasicRepositoryConnector.get(BasicRepositoryConnector.java:249) ~[org.eclipse.aether.connector.basic_1.0.1.v20141111.jar:na]
	at org.eclipse.aether.internal.impl.DefaultArtifactResolver.performDownloads(DefaultArtifactResolver.java:520) ~[na:na]
	at org.eclipse.aether.internal.impl.DefaultArtifactResolver.resolve(DefaultArtifactResolver.java:421) ~[na:na]
	... 8 common frames omitted
Caused by: org.apache.http.client.HttpResponseException: Proxy Authorization Required (407)
	at org.eclipse.aether.transport.http.HttpTransporter.handleStatus(HttpTransporter.java:466) ~[org.eclipse.aether.transport.http_1.0.1.v20141111.jar:na]
	at org.eclipse.aether.transport.http.HttpTransporter.execute(HttpTransporter.java:291) ~[org.eclipse.aether.transport.http_1.0.1.v20141111.jar:na]
	at org.eclipse.aether.transport.http.HttpTransporter.implGet(HttpTransporter.java:243) ~[org.eclipse.aether.transport.http_1.0.1.v20141111.jar:na]
	at org.eclipse.aether.spi.connector.transport.AbstractTransporter.get(AbstractTransporter.java:59) ~[org.eclipse.aether.spi_1.0.1.v20141111.jar:na]
	at org.eclipse.aether.connector.basic.BasicRepositoryConnector$GetTaskRunner.runTask(BasicRepositoryConnector.java:447) ~[org.eclipse.aether.connector.basic_1.0.1.v20141111.jar:na]
	at org.eclipse.aether.connector.basic.BasicRepositoryConnector$TaskRunner.run(BasicRepositoryConnector.java:350) ~[org.eclipse.aether.connector.basic_1.0.1.v20141111.jar:na]
	... 13 common frames omitted
